<?xml version="1.0" encoding="UTF-8"?>
<testsuite xmlns:xsi="http://www.w3.org/2001/XMLSchema-instance" xsi:noNamespaceSchemaLocation="https://maven.apache.org/surefire/maven-surefire-plugin/xsd/surefire-test-report-3.0.xsd" version="3.0" name="org.example.laboratory.LaboratoryApplicationTests" time="4.463" tests="1" errors="0" skipped="0" failures="0">
  <properties>
[...]
</properties>
  <testcase name="contextLoads" classname="org.example.laboratory.LaboratoryApplicationTests" time="0.836">
    <system-out><![CDATA[14:34:26.144 [main] INFO org.springframework.test.context.support.AnnotationConfigContextLoaderUtils -- Could not detect default configuration classes for test class [org.example.laboratory.LaboratoryApplicationTests]: LaboratoryApplicationTests does not declare any static, non-private, non-final, nested classes annotated with @Configuration.
14:34:26.236 [main] INFO org.springframework.boot.test.context.SpringBootTestContextBootstrapper -- Found @SpringBootConfiguration org.example.laboratory.LaboratoryApplication for test class org.example.laboratory.LaboratoryApplicationTests

  .   ____          _            __ _ _
 /\\ / ___'_ __ _ _(_)_ __  __ _ \ \ \ \
( ( )\___ | '_ | '_| | '_ \/ _` | \ \ \ \
 \\/  ___)| |_)| | | | | || (_| |  ) ) ) )
  '  |____| .__|_| |_|_| |_\__, | / / / /
 =========|_|==============|___/=/_/_/_/

 :: Spring Boot ::                (v3.3.4)

2025-07-13T14:34:26.586+08:00  INFO 6600 --- [Laboratory] [           main] o.e.l.LaboratoryApplicationTests         : Starting LaboratoryApplicationTests using Java 21.0.5 with PID 6600 (started by 25727 in D:\IDEA\Java_project\Laboratory)
2025-07-13T14:34:26.588+08:00  INFO 6600 --- [Laboratory] [           main] o.e.l.LaboratoryApplicationTests         : No active profile set, falling back to 1 default profile: "default"
2025-07-13T14:34:27.382+08:00  INFO 6600 --- [Laboratory] [           main] .s.d.r.c.RepositoryConfigurationDelegate : Multiple Spring Data modules found, entering strict repository configuration mode
2025-07-13T14:34:27.384+08:00  INFO 6600 --- [Laboratory] [           main] .s.d.r.c.RepositoryConfigurationDelegate : Bootstrapping Spring Data Redis repositories in DEFAULT mode.
2025-07-13T14:34:27.408+08:00  INFO 6600 --- [Laboratory] [           main] .s.d.r.c.RepositoryConfigurationDelegate : Finished Spring Data repository scanning in 11 ms. Found 0 Redis repository interfaces.
 _ _   |_  _ _|_. ___ _ |    _ 
| | |\/|_)(_| | |_\  |_)||_|_\ 
     /               |         
                        3.5.5 
2025-07-13T14:34:29.594+08:00  INFO 6600 --- [Laboratory] [           main] o.e.l.LaboratoryApplicationTests         : Started LaboratoryApplicationTests in 3.238 seconds (process running for 4.071)
]]></system-out>
    <system-err><![CDATA[WARNING: A Java agent has been loaded dynamically (D:\apache-maven-3.9.9\repo\net\bytebuddy\byte-buddy-agent\1.14.19\byte-buddy-agent-1.14.19.jar)
WARNING: If a serviceability tool is in use, please run with -XX:+EnableDynamicAgentLoading to hide this warning
WARNING: If a serviceability tool is not in use, please run with -Djdk.instrument.traceUsage for more information
WARNING: Dynamic loading of agents will be disallowed by default in a future release
]]></system-err>
  </testcase>
</testsuite>